<?xml version="1.0" encoding="UTF-8"?>
<testng-results ignored="0" total="1" passed="1" failed="0" skipped="0">
  <reporter-output>
  </reporter-output>
  <suite started-at="2022-12-11T18:24:22 IST" name="Suite" finished-at="2022-12-11T18:24:46 IST" duration-ms="24644">
    <groups>
    </groups>
    <test started-at="2022-12-11T18:24:22 IST" name="Test" finished-at="2022-12-11T18:24:46 IST" duration-ms="24644">
      <class name="Test.TC_RNB_LOGIN_001">
        <test-method is-config="true" signature="setup()[pri:0, instance:Test.TC_RNB_LOGIN_001@4466af20]" started-at="2022-12-11T18:24:22 IST" name="setup" finished-at="2022-12-11T18:24:29 IST" duration-ms="7624" status="PASS">
          <reporter-output>
          </reporter-output>
        </test-method> <!-- setup -->
        <test-method signature="verfyLogineFuctionality()[pri:0, instance:Test.TC_RNB_LOGIN_001@4466af20]" started-at="2022-12-11T18:24:29 IST" name="verfyLogineFuctionality" finished-at="2022-12-11T18:24:46 IST" duration-ms="16865" status="PASS">
          <reporter-output>
          </reporter-output>
        </test-method> <!-- verfyLogineFuctionality -->
        <test-method is-config="true" signature="tearDown()[pri:0, instance:Test.TC_RNB_LOGIN_001@4466af20]" started-at="2022-12-11T18:24:46 IST" name="tearDown" finished-at="2022-12-11T18:24:46 IST" duration-ms="88" status="PASS">
          <reporter-output>
          </reporter-output>
        </test-method> <!-- tearDown -->
      </class> <!-- Test.TC_RNB_LOGIN_001 -->
    </test> <!-- Test -->
  </suite> <!-- Suite -->
</testng-results>
